0 info it worked if it ends with ok
1 verbose cli [ 'node', '/usr/local/bin/npm', 'start' ]
2 info using npm@3.7.3
3 info using node@v0.10.25
4 verbose node symlink /usr/bin/node
5 verbose run-script [ 'prestart', 'start', 'poststart' ]
6 info lifecycle Online-Chess-Game@0.0.1~prestart: Online-Chess-Game@0.0.1
7 silly lifecycle Online-Chess-Game@0.0.1~prestart: no script for prestart, continuing
8 info lifecycle Online-Chess-Game@0.0.1~start: Online-Chess-Game@0.0.1
9 verbose lifecycle Online-Chess-Game@0.0.1~start: unsafe-perm in lifecycle true
10 verbose lifecycle Online-Chess-Game@0.0.1~start: PATH: /usr/local/lib/node_modules/npm/bin/node-gyp-bin:/home/mtuan934/Downloads/remote-chess-game/node_modules/.bin:/usr/bin:/usr/local/heroku/bin:/home/mtuan934/android-sdk-linux/tools:/home/mtan934/android-sdk-linux/platforms:/usr/lib/java/bin:/usr/local/sbin:/usr/local/bin:/usr/sbin:/usr/bin:/sbin:/bin:/usr/games:/usr/local/games:/home/mtuan934/activator:/home/mtuan934/WebStorm-143.382.36/bin:/usr/lib/dart/bin:/home/mtuan934/gradle/bin
11 verbose lifecycle Online-Chess-Game@0.0.1~start: CWD: /home/mtuan934/Downloads/remote-chess-game
12 silly lifecycle Online-Chess-Game@0.0.1~start: Args: [ '-c', 'node server.js' ]
13 silly lifecycle Online-Chess-Game@0.0.1~start: Returned: code: 8  signal: null
14 info lifecycle Online-Chess-Game@0.0.1~start: Failed to exec start script
15 verbose stack Error: Online-Chess-Game@0.0.1 start: `node server.js`
15 verbose stack Exit status 8
15 verbose stack     at EventEmitter.<anonymous> (/usr/local/lib/node_modules/npm/lib/utils/lifecycle.js:239:16)
15 verbose stack     at EventEmitter.emit (events.js:98:17)
15 verbose stack     at ChildProcess.<anonymous> (/usr/local/lib/node_modules/npm/lib/utils/spawn.js:24:14)
15 verbose stack     at ChildProcess.EventEmitter.emit (events.js:98:17)
15 verbose stack     at maybeClose (child_process.js:743:16)
15 verbose stack     at Process.ChildProcess._handle.onexit (child_process.js:810:5)
16 verbose pkgid Online-Chess-Game@0.0.1
17 verbose cwd /home/mtuan934/Downloads/remote-chess-game
18 error Linux 3.19.0-51-generic
19 error argv "node" "/usr/local/bin/npm" "start"
20 error node v0.10.25
21 error npm  v3.7.3
22 error code ELIFECYCLE
23 error Online-Chess-Game@0.0.1 start: `node server.js`
23 error Exit status 8
24 error Failed at the Online-Chess-Game@0.0.1 start script 'node server.js'.
24 error Make sure you have the latest version of node.js and npm installed.
24 error If you do, this is most likely a problem with the Online-Chess-Game package,
24 error not with npm itself.
24 error Tell the author that this fails on your system:
24 error     node server.js
24 error You can get information on how to open an issue for this project with:
24 error     npm bugs Online-Chess-Game
24 error Or if that isn't available, you can get their info via:
24 error     npm owner ls Online-Chess-Game
24 error There is likely additional logging output above.
25 verbose exit [ 1, true ]
